---------------接口技术文档---------------


版本号：V1.4基础版本号：V1.3
修改时间：2015-2-6
区别： 
1、“10.1  批量付款业务错误码”中新增错误码：MAX_VISIT_LIMIT	超出最大访问限制

版本号：V1.5 
基础版本号：V1.4
修改时间：2015-3-24 
区别： 
1、修改“2 功能演示”：替换步骤2中的界面截图。 
2、修改“6 服务器异步通知参数说明”： 
1）notify_type参数删除了bptb_unfreeze_notify（余额不足通知）； 
2）flag参数删除了ptb_unfreeze_file（余额不足通知）； 
3）修改“6.3 样例”中notify_type和flag的取值。 
3、删除“7.3 通知触发条件”中的bptb_unfreeze_notify（批次余额不足）。 
4、“10.1 批量付款业务错误码”中新增错误码： 
PARTNER_SESSION_TIMEOUT	抱歉，接口请求超时 
PARTNER_NOT_MATCH	抱歉，你操作的商户与接口请求不匹配 
BIZ_PRODUCT_ILLEGAL	非常抱歉，您没有签约相关产品！ 
UPLOAD_FILE_NAME_IS_NULL	上传的文件名称为空 
CERT_ILLEGAL	证书有误，无法复核批次记录（付款用户进行确认的时候，必须要安装至少一种安全产品，如：数字证书、宝令、动态短信、手机宝令等）




---------------规则文档---------------

版本号：V1.1 
基础版本号：V1.0  
修改时间：2015-10-27 
区别： 
1、“4 接口使用规则”的“接口异常”类型中新增一条规范： 
规范点：如果用“批量付款到银行账户-文件查询接口(bptb_file_query)”查询到批次状态为DEALING（处理中）（如：付款时账户余额不足）时，请在第二天再次使用查询接口查询，来确认该批次是作废还是成功，以便做后续的业务处理。 
原因：当批次为DEALING（处理中）状态时，支付宝会平均以8分钟/次的频率进行重试处理，直到当日24:00后停止。如果还未处理成功，则DEALING状态会自动转变为FAIL（失败）。