---------------接口技术文档---------------


版本号：V1.5
基础版本号：V1.4
修改时间：2015-2-6
区别： 
1、“8.1  批量付款业务错误码”中新增错误码：MAX_VISIT_LIMIT	超出最大访问限制

版本号：V1.6 
基础版本号：V1.5
修改时间：2015-3-24
区别： 
1、修改“4.2 列表”请求参数file_name的长度范围为String(64)。 
2、修改“5.2 列表”中的“批量结果文件下载”： 
1）“首先需要向支付宝申请开通批量结果文件下载的权限，在后台进行开通”改为“目前只支持单批次的文件下载”； 
2）“表5-1 ALIPAY__RESULT文件字段含义”中的“批次名称”的“长度范围”改为64个字节。 
3、更换“5.3 样例”的“图5-1 ALIPAY__RESULT.xls和ALIPAY__RESULT.csv”截图。 
4、删除“8.1 批量付款业务错误码”中的“非常抱歉，该账户没有合并下载权限！”

版本号：V1.7
基础版本号：V1.6
修改时间：2015-10-28
区别：
1、修改“5.2  列表”，修改“表5-2 bptb_20101220_4271文件字段含义”，
删除“成功失败标志”字段中未使用的DISUSE标志。对于DISUSE状态的明细，该字段显示为F。
2、修改“7.2.1  MD5签名”固定文案。

版本号：V1.8
基础版本号：V1.7
修改时间：2016-5-24
区别：
1、修改“4.2  列表”请求参数file_name为“不可空”

---------------规则文档---------------

版本号：V1.1 
基础版本号：V1.0 
修改时间：2015-10-27 
区别： 
1、“4 接口使用规则”的“接口异常”类型中新增一条规范： 
规范点：如果用“批量付款到银行账户-文件查询接口(bptb_file_query)”查询到批次状态为DEALING（处理中）（如：付款时账户余额不足）时，请在第二天再次使用查询接口查询，来确认该批次是作废还是成功，以便做后续的业务处理。 
原因：当批次为DEALING（处理中）状态时，支付宝会平均以8分钟/次的频率进行重试处理，直到当日24:00后停止。如果还未处理成功，则DEALING状态会自动转变为FAIL（失败）。