---------------接口技术文档---------------


版本号：V1.2
基础版本号：V1.1
修改时间：2015-2-6
区别： 1、“8.1  批量付款业务错误码”中新增错误码：MAX_VISIT_LIMIT	超出最大访问限制

版本号：V1.3 
基础版本号：V1.2
修改时间：2015-3-24
区别： 
1、修改“5.2 列表”的“表5-1 ALIPAY_20101223_R_2088101000922193文件字段含义”中“商户批次号”字段的含义和示例。 
2、修改“5.3 样例”中的“图5-1 ALIPAY_20101223_R_2088101000922193文件内容”截图。 
3、修改“8.1 批量付款业务错误码”： 
1）修改错误码“文件下载失败!非法请求参数”的“含义”； 
2）删除错误码“文件下载失败!该批次已废除”； 
3）新增错误码“BIZ_PRODUCT_ILLEGAL”和“NO_SIGN_PRODUCT”。




---------------规则文档---------------

版本号：V1.1 
基础版本号：V1.0 
修改时间：2015-10-27 
区别： 
1、“4 接口使用规则”的“接口异常”类型中新增一条规范： 
规范点：如果用“批量付款到银行账户-文件查询接口(bptb_file_query)”查询到批次状态为DEALING（处理中）（如：付款时账户余额不足）时，请在第二天再次使用查询接口查询，来确认该批次是作废还是成功，以便做后续的业务处理。 
原因：当批次为DEALING（处理中）状态时，支付宝会平均以8分钟/次的频率进行重试处理，直到当日24:00后停止。如果还未处理成功，则DEALING状态会自动转变为FAIL（失败）。